!      ---- Modo de Desenho da Barra ---
BU
!      ---- Tamanho da Fonte das Legendas ---
F 1
!      ---- Cores (Fundo - Identificador - Numero - Valor - Grid - Fluxo Ativo - Fluxo Reativo)---
RF 255 255 255
RI 128 0 128
RN 128 0 128
RV 0 0 255
RG 0 0 0
RA 0 0 255
RR 255 0 0
!      ---- Grupos Base de Tensão ----
!Ten  lar  R   G   B ID
!    ---- Componentes ----
!Numero Tipo Rot Hac Px Py Cor sl SubTp ch1 ch2 ch3 ch4 Descrip
C 94  1 770 0   -128     32  0  0 - 11  0  0  0 0
C 95  1 770 0   -256   -496  0  0 - 121  0  0  0 0
C103  1 770 0   -512     32  0  0 - 151  0  0  0 0
C105  1 258 0   -768   -496  0  0 - 100  0  0  0 0
C106  1 257 0     80     32  0  0 - 110  0  0  0 0
C113  1 257 0   -560    192  0  0 - 160  0  0  0 0
C129  1 257 0   -576    368  0  0 - 161  0  0  0 0
C130  1 1026 0    -96    288  0  0 - 170  0  0  0 0
C134  1 257 0     96    272  0  0 - 111  0  0  0 0
C135  1 257 0   -752    304  0  0 - 171  0  0  0 0
C156  1 257 0    288     32  0  0 - 1110  0  0  0 0
C158  1 257 0    496     32  0  0 - 112  0  0  0 0
C159  1 257 0     96     32  0  0 - 113  0  0  0 0
C162  1 257 0    592     48  0  0 - 180  0  0  0 0
C164  1 257 0    800     48  0  0 - 190  0  0  0 0
C165  1 257 0    496    224  0  0 - 1180  0  0  0 0
C169  1 257 0   1008     48  0  0 - 191  0  0  0 0
C170  1 257 0   1184     32  0  0 - 231  0  0  0 0
C178  1 514 -1    -48   -480  0  0 - 140  0  0  0 0
C180  1 257 0     64   -336  0  0 - 134  0  0  0 0
C188  1 257 0   1552    -16  0  0 - 230  0  0  0 0
C191  1 769 1   1760    -64  0  0 - 1230  0  0  0 0
C192  1 257 0   1552    192  0  0 - 250  0  0  0 0
C193  1 257 0   1360    -16  0  0 - 220  0  0  0 0
C194  1 257 0   1552    368  0  0 - 240  0  0  0 0
C199  1 257 0   1760    192  0  0 - 260  0  0  0 0
C200  1 257 -1   1360    192  0  0 - 251  0  0  0 0
C204  1 1282 0   1280   -416  0  0 - 200  0  0  0 0
C205  1 257 0   1440   -128  0  0 - 224  0  0  0 0
C206  1 257 0   1456    -80  0  0 - 1220  0  0  0 0
C216  1 257 0    912   -480  0  0 - 20  0  0  0 0
C217  1 768 0   1760   -528  0  0 - 210  0  0  0 0
C220  1 257 0   1664    -80  0  0 - 222  0  0  0 0
C221  1 257 0   1264    -80  0  0 - 223  0  0  0 0
C238  1 257 0    704    224  0  0 - 181  0  0  0 0
C239  1 257 0    304    224  0  0 - 182  0  0  0 0
C250  1 257 1   1968    -64  0  0 - 232  0  0  0 0
C252  1 257 0   1968   -528  0  0 - 21  0  0  0 0
C255  1 257 0   1872    -80  0  0 - 221  0  0  0 0
C257  1 769 0    -32   -336  0  0 - 131  0  0  0 0
C278  1 257 0    176   -336  0  0 - 132  0  0  0 0
C 96  5 3 0   -336   -400  0  0 -  1 121  0  0 0
C107  9 3 0    -16     32  0  0 -  1 11 110  0 0
C108  4 1 0    -80     96  0  0 -  1 11  0  0 0
C116  5 0 0   -496    128  0  0 -  1 151  0  0 0
C131  9 0 0   -592    256  0  0 -  1 160 161  0 0
C133  6 0 0   -496    320  0  0 -  1 160  0  0 0
C137  9 1 0   -656    320  0  0 -  1 170 171  0 0
C139  5 3 0   -416    320  0  0 -  1 161  0  0 0
C142  9 1 0     96    160  0  0 -  1 110 111  0 0
C143  5 3 0     64    320  0  0 -  1 111  0  0 0
C154  5 3 0   -544    304  0  0 -  1 171  0  0 0
C157  9 3 0    192     32  0  0 -  1 110 1110  0 0
C160  9 1 0    400     32  0  0 -  1 112 1110  0 0
C161  9 3 0    192     32  0  0 -  1 113 1110  0 0
C167  9 0 0    544    144  0  0 -  1 180 1180  0 0
C168  6 2 0    592    208  0  0 -  1 180  0  0 0
C171  9 3 0    912     48  0  0 -  1 190 191  0 0
C173  6 2 0    816    192  0  0 -  1 190  0  0 0
C174  5 3 0   1040    160  0  0 -  1 191  0  0 0
C182  5 0 0   -128   -352  0  0 -  1 140  0  0 0
C183  6 2 0   -112   -512  0  0 -  1 140  0  0 0
C195  9 3 0   1664    -16  0  0 -  1 230 1230  0 0
C203  9 1 0   1456    192  0  0 -  1 250 251  0 0
C209  9 2 0   1360    -64  0  0 -  1 220 224  0 0
C210  9 2 0   1392    -64  0  0 -  1 220 1220  0 0
C218  9 1 0    976   -464  0  0 -  1 20 200  0 0
C222  9 1 0   1568    -80  0  0 -  1 222 1220  0 0
C223  9 3 0   1360    -80  0  0 -  1 223 1220  0 0
C224  5 3 0   1648   -128  0  0 -  1 224  0  0 0
C227  5 0 0   1696    320  0  0 -  1 260  0  0 0
C228  6 0 0   1760    320  0  0 -  1 260  0  0 0
C236  4 3 0   1120   -480  0  0 -  1 20  0  0 0
C237  9 3 0   1184    112  0  0 -  1 231 1230  0 0
C240  9 1 0    608    224  0  0 -  1 181 1180  0 0
C241  9 3 0    400    224  0  0 -  1 182 1180  0 0
C251  9 1 0   1872    -64  0  0 -  1 232 1230  0 0
C253  9 1 0   1872   -528  0  0 -  1 21 210  0 0
C254  4 3 0   2176   -528  0  0 -  1 21  0  0 0
C259  6 1 0   1680    -80  0  0 -  1 221  0  0 0
C280  6 1 0   -224   -336  0  0 -  1 131  0  0 0
C283  6 3 0    512    224  0  0 -  1 182  0  0 0
C284  5 3 0    912    224  0  0 -  1 181  0  0 0
!      ---- Linhas ----
!Numero Tipo hac sl De Para ch1 nsg segmentos
L114 14 0 0 103 113  1  1 57 
L115 14 0 0 103 113  2  1 58 
L132 14 0 0 113 130  1  1 62 
L136 14 0 0 134 130  1  1 64 
L163 14 0 0 158 162  1  1 78 
L166 14 0 0 162 164  1  1 79 
L172 14 0 0 164 170  1  1 85 
L181 14 0 0 180 178  1  1 88 
L196 14 0 0 188 192  1  1 93 
L197 14 0 0 193 188  1  1 94 
L198 14 0 0 188 194  1  1 95 
L201 14 0 0 192 199  2  1 96 
L202 14 0 0 192 199  1  1 97 
L207 14 0 0 204 193  1  1 100 
L208 14 0 0 204 193  2  1 101 
L219 14 0 0 204 217  1  1 108 
L225 14 0 0 217 199  1  1 114 
L226 14 0 0 217 199  2  1 115 
L256 14 0 0 255 220  1  1 130 
L258 14 0 0 257 255  1  1 131 
L279 14 0 0 257 278  1  1 133 
!     ---- Ligacoes ----
!Numero Flags cor Inic Coni Fin Conf Linhas nqb quebras
U50 0  0  96   1  95   8  -1   0 
U51 0  0  94   2 107   1  -1   0 
U52 0  0 106   1 107   2  -1   0 
U53 0  0 108   1  94   9  -1   0 
U57 0  0 103   4 113   1 114   0 
U58 0  0 103   8 113   2 115   0 
U59 0  0 103   3 116   1  -1   0 
U60 0  0 113   2 131   1  -1   0 
U61 0  0 129   1 131   2  -1   0 
U62 0  0 113   2 130   4 132   0 
U63 0  0 113   2 133   1  -1   0 
U64 0  0 134   1 130  11 136   0 
U65 0  0 130  11 137   1  -1   0 
U66 0  0 135   1 137   2  -1   0 
U67 0  0 139   1 129   3  -1   0 
U68 0  0 106   1 142   1  -1   0 
U69 0  0 134   2 142   2  -1   0 
U70 0  0 143   1 134   2  -1   0 
U71 0  0 154   1 135   2  -1   0 
U72 0  0 106   2 157   1  -1   0 
U73 0  0 156   1 157   2  -1   0 
U74 0  0 158   1 160   1  -1   0 
U75 0  0 156   2 160   2  -1   0 
U76 0  0 159   1 161   1  -1   0 
U77 0  0 156   2 161   2  -1   0 
U78 0  0 158   2 162   1 163   0 
U79 0  0 162   2 164   1 166   0 
U80 0  0 162   2 167   1  -1   0 
U81 0  0 165   1 167   2  -1   0 
U82 0  0 168   1 162   2  -1   0 
U83 0  0 164   2 171   1  -1   0 
U84 0  0 169   1 171   2  -1   0 
U85 0  0 164   2 170   1 172   0 
U86 0  0 173   1 164   2  -1   0 
U87 0  0 174   1 169   2  -1   0 
U88 0  0 180   1 178   2 181   0 
U89 0  0 182   1 178   2  -1   0 
U90 0  0 183   1 178   5  -1   0 
U91 0  0 188   2 195   1  -1   0 
U92 0  0 191   1 195   2  -1   0 
U93 0  0 188   2 192   1 196   0 
U94 0  0 193   1 188   2 197   0 
U95 0  0 188   2 194   1 198   0 
U96 0  0 192   2 199   1 201   0 
U97 0  0 192   2 199   2 202   0 
U98 0  0 192   2 203   1  -1   0 
U99 0  0 200   1 203   2  -1   0 
U100 0  0 204  13 193   2 207   0 
U101 0  0 204   1 193   2 208   0 
U102 0  0 193   2 209   1  -1   0 
U103 0  0 205   1 209   2  -1   0 
U104 0  0 193   2 210   1  -1   0 
U105 0  0 206   1 210   2  -1   0 
U106 0  0 216   1 218   1  -1   0 
U107 0  0 204   8 218   2  -1   0 
U108 0  0 204   8 217   1 219   0 
U109 0  0 220   1 222   1  -1   0 
U110 0  0 206   2 222   2  -1   0 
U111 0  0 221   1 223   1  -1   0 
U112 0  0 206   2 223   2  -1   0 
U113 0  0 224   1 205   2  -1   0 
U114 0  0 217   7 199   2 225   0 
U115 0  0 217   8 199   2 226   0 
U116 0  0 199   2 227   1  -1   0 
U117 0  0 199   2 228   1  -1   0 
U118 0  0 236   1 216   2  -1   0 
U119 0  0 170   2 237   1  -1   0 
U120 0  0 191   7 237   2  -1   0 
U121 0  0 238   1 240   1  -1   0 
U122 0  0 165   2 240   2  -1   0 
U123 0  0 239   1 241   1  -1   0 
U124 0  0 165   2 241   2  -1   0 
U125 0  0 250   1 251   1  -1   0 
U126 0  0 191   5 251   2  -1   0 
U127 0  0 252   1 253   1  -1   0 
U128 0  0 217   5 253   2  -1   0 
U129 0  0 254   1 252   2  -1   0 
U130 0  0 255   1 220   2 256   0 
U131 0  0 257   4 255   2 258   0 
U132 0  0 259   1 255   2  -1   0 
U133 0  0 257   5 278   1 279   0 
U134 0  0 280   1 257   5  -1   0 
U135 0  0 283   1 239   2  -1   0 
U136 0  0 284   1 238   2  -1   0 
!    ---- Posição de Legenda de Componentes ----
!NumCompo Label Rot Px Py
!     ---- Posição de Legenda de Ligacoes ----
!Lado NumLig Label Px Py
YI  51  2     4.65    15.82
